SF:lib/domain/entities/errors/failures.dart
DA:4,0
DA:5,0
DA:15,0
DA:21,0
DA:27,0
DA:38,0
DA:48,0
DA:56,0
LF:8
LH:0
end_of_record
SF:lib/domain/entities/models/titular.g.dart
DA:13,0
DA:15,0
DA:16,0
DA:17,0
DA:19,0
DA:20,0
DA:21,0
DA:22,0
DA:23,0
DA:24,0
DA:25,0
DA:26,0
DA:30,0
DA:33,0
DA:34,0
DA:35,0
DA:36,0
DA:37,0
DA:38,0
DA:39,0
DA:40,0
DA:41,0
DA:42,0
DA:43,0
DA:44,0
DA:45,0
DA:46,0
DA:47,0
DA:50,0
DA:51,0
DA:53,0
DA:56,0
DA:57,0
DA:58,0
LF:34
LH:0
end_of_record
SF:lib/domain/entities/models/titular.dart
DA:24,0
DA:34,0
DA:43,0
DA:44,0
DA:45,0
DA:46,0
DA:47,0
DA:48,0
DA:49,0
DA:50,0
DA:54,0
DA:55,0
DA:56,0
DA:57,0
DA:58,0
DA:59,0
DA:60,0
DA:61,0
DA:62,0
DA:66,0
DA:67,0
DA:68,0
DA:69,0
DA:70,0
DA:71,0
DA:72,0
DA:73,0
DA:74,0
DA:78,0
DA:80,0
DA:81,0
DA:83,0
DA:85,0
DA:88,0
DA:92,0
DA:93,0
DA:94,0
DA:95,0
DA:96,0
DA:97,0
DA:98,0
DA:101,0
DA:103,0
DA:104,0
DA:105,0
DA:106,0
DA:107,0
DA:108,0
DA:109,0
LF:49
LH:0
end_of_record
SF:lib/domain/usecases/get_news.dart
DA:12,0
DA:14,0
DA:16,0
LF:3
LH:0
end_of_record
SF:lib/domain/usecases/get_news_category_usecase.dart
DA:13,0
DA:14,0
DA:16,0
LF:3
LH:0
end_of_record
SF:lib/domain/usecases/get_news_favs.dart
DA:16,0
DA:18,0
DA:20,0
DA:31,0
DA:33,0
DA:35,0
DA:41,1
DA:51,0
DA:53,0
DA:55,0
DA:61,1
DA:72,0
DA:73,0
DA:76,0
LF:14
LH:2
end_of_record
SF:lib/domain/entities/models/categories_titulares.dart
DA:8,0
DA:14,0
DA:19,0
DA:20,0
DA:21,0
DA:22,0
DA:26,0
DA:27,0
DA:28,0
DA:29,0
DA:30,0
DA:34,0
DA:35,0
DA:36,0
DA:37,0
DA:38,0
DA:42,0
DA:44,0
DA:45,0
DA:47,0
DA:48,0
DA:50,0
DA:54,0
DA:57,0
DA:58,0
LF:25
LH:0
end_of_record
SF:lib/presentation/pages/noticias/bloc/noticias_state.dart
DA:10,3
DA:17,1
DA:23,1
DA:24,1
DA:25,1
DA:27,1
DA:28,1
DA:36,4
DA:42,3
DA:46,1
DA:51,1
LF:11
LH:11
end_of_record
SF:lib/presentation/pages/noticias/bloc/noticias_event.dart
DA:11,1
DA:19,1
DA:30,1
LF:3
LH:3
end_of_record
SF:lib/presentation/pages/noticias/bloc/noticias_bloc.dart
DA:26,3
DA:28,1
DA:35,1
DA:36,2
DA:37,2
DA:38,2
DA:39,2
DA:40,2
DA:41,2
DA:42,2
DA:46,1
DA:49,4
DA:50,2
DA:51,2
DA:52,3
DA:53,3
DA:54,0
DA:56,4
DA:57,2
DA:58,0
DA:59,2
DA:60,2
DA:65,4
DA:69,1
DA:71,2
DA:72,2
DA:73,2
DA:74,2
DA:75,1
DA:76,1
DA:77,1
DA:78,3
DA:82,1
DA:85,3
DA:86,2
DA:87,2
DA:88,1
DA:89,1
DA:90,1
DA:91,3
DA:95,1
DA:97,2
DA:98,2
DA:99,2
DA:100,2
DA:101,1
DA:102,1
DA:103,1
DA:104,3
DA:108,1
DA:110,3
DA:111,2
DA:112,2
DA:113,1
DA:114,1
DA:115,1
DA:116,4
DA:120,1
DA:123,3
DA:124,1
DA:125,0
DA:126,2
DA:128,2
DA:129,2
DA:133,1
DA:135,2
DA:136,3
LF:67
LH:64
end_of_record
SF:lib/domain/entities/models/agenda.g.dart
DA:13,0
DA:15,0
DA:16,0
DA:17,0
DA:19,0
DA:20,0
DA:21,0
DA:22,0
DA:23,0
DA:24,0
DA:25,0
DA:26,0
DA:27,0
DA:31,0
DA:34,0
DA:35,0
DA:36,0
DA:37,0
DA:38,0
DA:39,0
DA:40,0
DA:41,0
DA:42,0
DA:43,0
DA:44,0
DA:45,0
DA:46,0
DA:47,0
DA:48,0
DA:49,0
DA:50,0
DA:53,0
DA:54,0
DA:56,0
DA:59,0
DA:60,0
DA:61,0
LF:37
LH:0
end_of_record
SF:lib/domain/entities/models/agenda.dart
DA:25,0
DA:36,0
DA:46,0
DA:47,0
DA:48,0
DA:49,0
DA:50,0
DA:51,0
DA:52,0
DA:53,0
DA:54,0
DA:58,0
DA:59,0
DA:60,0
DA:61,0
DA:62,0
DA:63,0
DA:64,0
DA:65,0
DA:66,0
DA:67,0
DA:71,0
DA:72,0
DA:73,0
DA:74,0
DA:75,0
DA:76,0
DA:77,0
DA:78,0
DA:79,0
DA:80,0
DA:84,0
DA:86,0
DA:87,0
DA:89,0
DA:91,0
DA:94,0
DA:98,0
DA:99,0
DA:100,0
DA:101,0
DA:102,0
DA:103,0
DA:104,0
DA:105,0
DA:108,0
DA:110,0
DA:111,0
DA:112,0
DA:113,0
DA:114,0
DA:115,0
DA:116,0
DA:117,0
LF:54
LH:0
end_of_record
SF:lib/domain/entities/models/sugerencias_eventos.dart
DA:12,0
DA:22,0
DA:31,0
DA:32,0
DA:33,0
DA:34,0
DA:35,0
DA:36,0
DA:37,0
DA:38,0
DA:42,0
DA:43,0
DA:44,0
DA:45,0
DA:46,0
DA:47,0
DA:48,0
DA:49,0
DA:50,0
DA:54,0
DA:55,0
DA:56,0
DA:57,0
DA:58,0
DA:59,0
DA:60,0
DA:61,0
DA:62,0
DA:66,0
DA:68,0
DA:69,0
DA:71,0
DA:73,0
DA:76,0
DA:80,0
DA:81,0
DA:82,0
DA:83,0
DA:84,0
DA:85,0
DA:86,0
DA:89,0
DA:91,0
DA:92,0
DA:93,0
DA:94,0
DA:95,0
DA:96,0
DA:97,0
LF:49
LH:0
end_of_record
SF:lib/domain/usecases/get_agenda.dart
DA:15,0
DA:17,0
DA:19,0
LF:3
LH:0
end_of_record
SF:lib/domain/usecases/get_agenda_categories_usecase.dart
DA:13,0
DA:14,0
DA:16,0
LF:3
LH:0
end_of_record
SF:lib/domain/usecases/get_agenda_favs.dart
DA:15,0
DA:17,0
DA:19,0
DA:31,0
DA:32,0
DA:34,0
DA:40,1
DA:51,0
DA:52,0
DA:54,0
DA:60,1
DA:71,0
DA:72,0
DA:74,0
LF:14
LH:2
end_of_record
SF:lib/domain/usecases/get_agenda_sugerencias_usecase.dart
DA:14,0
DA:15,0
DA:17,0
DA:18,0
DA:25,1
LF:5
LH:1
end_of_record
SF:lib/domain/usecases/get_localidades_usecase.dart
DA:14,0
DA:15,0
DA:17,0
LF:3
LH:0
end_of_record
SF:lib/domain/usecases/get_lugares_usecase.dart
DA:13,0
DA:14,0
DA:16,0
LF:3
LH:0
end_of_record
SF:lib/domain/entities/models/categories_agenda.dart
DA:7,0
DA:12,0
DA:16,0
DA:17,0
DA:18,0
DA:22,0
DA:23,0
DA:24,0
DA:25,0
DA:29,0
DA:30,0
DA:31,0
DA:32,0
DA:36,0
DA:38,0
DA:39,0
DA:41,0
DA:42,0
DA:44,0
DA:48,0
DA:51,0
DA:52,0
LF:22
LH:0
end_of_record
SF:lib/domain/entities/models/localidades.dart
DA:7,0
DA:12,0
DA:16,0
DA:17,0
DA:18,0
DA:22,0
DA:23,0
DA:24,0
DA:25,0
DA:29,0
DA:30,0
DA:31,0
DA:32,0
DA:36,0
DA:38,0
DA:39,0
DA:41,0
DA:42,0
DA:44,0
DA:48,0
DA:51,0
DA:52,0
LF:22
LH:0
end_of_record
SF:lib/domain/entities/models/lugar.dart
DA:9,0
DA:16,0
DA:22,0
DA:23,0
DA:24,0
DA:25,0
DA:26,0
DA:30,0
DA:31,0
DA:32,0
DA:33,0
DA:34,0
DA:35,0
DA:39,0
DA:40,0
DA:41,0
DA:42,0
DA:43,0
DA:44,0
DA:48,0
DA:50,0
DA:51,0
DA:53,0
DA:55,0
DA:58,0
DA:62,0
DA:63,0
DA:64,0
DA:65,0
DA:68,0
DA:70,0
LF:31
LH:0
end_of_record
SF:lib/presentation/pages/agenda/bloc/agenda_event.dart
DA:11,1
DA:19,1
DA:26,1
DA:32,1
DA:42,1
DA:52,1
LF:6
LH:6
end_of_record
SF:lib/presentation/pages/agenda/bloc/agenda_bloc.dart
DA:35,3
DA:38,1
DA:48,1
DA:49,2
DA:50,2
DA:51,2
DA:52,2
DA:53,2
DA:54,2
DA:55,2
DA:56,2
DA:57,2
DA:58,2
DA:59,2
DA:60,2
DA:63,1
DA:67,4
DA:68,2
DA:69,2
DA:71,4
DA:72,2
DA:73,0
DA:75,4
DA:76,2
DA:77,0
DA:79,3
DA:80,3
DA:81,0
DA:83,5
DA:84,1
DA:85,0
DA:87,2
DA:88,2
DA:93,2
DA:94,2
DA:97,2
DA:98,2
DA:102,1
DA:104,2
DA:105,2
DA:106,1
DA:107,3
DA:108,1
DA:109,1
DA:110,4
DA:113,1
DA:115,2
DA:116,2
DA:117,1
DA:118,3
DA:119,1
DA:120,1
DA:121,4
DA:124,1
DA:127,3
DA:128,2
DA:129,2
DA:130,1
DA:131,1
DA:132,1
DA:133,3
DA:137,1
DA:140,3
DA:141,2
DA:142,2
DA:143,1
DA:144,1
DA:145,1
DA:146,2
DA:147,2
DA:151,1
DA:153,2
DA:154,2
DA:155,1
DA:156,1
DA:160,1
DA:163,3
DA:164,1
DA:165,2
DA:166,0
DA:168,2
DA:169,2
DA:173,1
DA:175,2
DA:176,2
DA:177,2
DA:181,1
DA:183,1
DA:184,2
DA:185,4
DA:186,2
DA:187,2
DA:193,0
DA:194,0
DA:195,0
DA:199,0
DA:200,0
DA:201,0
DA:202,0
DA:207,0
DA:208,0
DA:209,0
DA:215,1
DA:217,2
DA:218,2
DA:224,1
DA:226,2
DA:227,1
DA:228,2
DA:229,2
DA:230,1
DA:231,1
DA:232,1
DA:235,1
DA:239,1
DA:241,2
DA:242,2
DA:243,1
DA:244,3
DA:245,1
DA:246,1
DA:247,3
DA:249,2
LF:123
LH:108
end_of_record
SF:lib/presentation/pages/agenda/bloc/agenda_state.dart
DA:18,2
DA:32,1
DA:45,1
DA:46,1
DA:47,1
DA:48,1
DA:49,1
DA:50,1
DA:52,1
DA:53,1
DA:55,1
DA:56,1
DA:57,1
DA:58,1
DA:59,1
DA:67,3
DA:71,2
DA:75,1
DA:81,1
LF:19
LH:19
end_of_record
